[2022-06-27 12:00:20.883] [INFO ] [main] com.springboot.api.ApiApplication Starting ApiApplication using Java 1.8.0_311 on DESKTOP-JEBAGT4 with PID 1108 (C:\Users\Jaehyuk\Documents\springstarter\api\out\production\classes started by Jaehyuk in C:\Users\Jaehyuk\Documents\springstarter\api)
[2022-06-27 12:00:20.887] [INFO ] [main] com.springboot.api.ApiApplication No active profile set, falling back to 1 default profile: "default"
[2022-06-27 12:00:22.188] [INFO ] [main] org.springframework.boot.web.embedded.tomcat.TomcatWebServer Tomcat initialized with port(s): 9090 (http)
[2022-06-27 12:00:22.199] [INFO ] [main] org.apache.coyote.http11.Http11NioProtocol Initializing ProtocolHandler ["http-nio-9090"]
[2022-06-27 12:00:22.200] [INFO ] [main] org.apache.catalina.core.StandardService Starting service [Tomcat]
[2022-06-27 12:00:22.201] [INFO ] [main] org.apache.catalina.core.StandardEngine Starting Servlet engine: [Apache Tomcat/9.0.62]
[2022-06-27 12:00:22.405] [INFO ] [main] org.apache.catalina.core.ContainerBase.[Tomcat].[localhost].[/] Initializing Spring embedded WebApplicationContext
[2022-06-27 12:00:22.405] [INFO ] [main] org.springframework.boot.web.servlet.context.ServletWebServerApplicationContext Root WebApplicationContext: initialization completed in 1466 ms
[2022-06-27 12:00:22.824] [INFO ] [main] springfox.documentation.spring.web.PropertySourcedRequestMappingHandlerMapping Mapped URL path [/v2/api-docs] onto method [springfox.documentation.swagger2.web.Swagger2Controller#getDocumentation(String, HttpServletRequest)]
[2022-06-27 12:00:23.080] [INFO ] [main] org.apache.coyote.http11.Http11NioProtocol Starting ProtocolHandler ["http-nio-9090"]
[2022-06-27 12:00:23.100] [INFO ] [main] org.springframework.boot.web.embedded.tomcat.TomcatWebServer Tomcat started on port(s): 9090 (http) with context path ''
[2022-06-27 12:00:23.101] [INFO ] [main] springfox.documentation.spring.web.plugins.DocumentationPluginsBootstrapper Context refreshed
[2022-06-27 12:00:23.124] [INFO ] [main] springfox.documentation.spring.web.plugins.DocumentationPluginsBootstrapper Found 1 custom documentation plugin(s)
[2022-06-27 12:00:23.165] [INFO ] [main] springfox.documentation.spring.web.scanners.ApiListingReferenceScanner Scanning for api listing references
[2022-06-27 12:00:23.336] [INFO ] [main] com.springboot.api.ApiApplication Started ApiApplication in 3.145 seconds (JVM running for 4.081)
[2022-06-27 12:00:29.766] [INFO ] [http-nio-9090-exec-1] org.apache.catalina.core.ContainerBase.[Tomcat].[localhost].[/] Initializing Spring DispatcherServlet 'dispatcherServlet'
[2022-06-27 12:00:29.767] [INFO ] [http-nio-9090-exec-1] org.springframework.web.servlet.DispatcherServlet Initializing Servlet 'dispatcherServlet'
[2022-06-27 12:00:29.768] [INFO ] [http-nio-9090-exec-1] org.springframework.web.servlet.DispatcherServlet Completed initialization in 1 ms
[2022-06-27 12:00:29.793] [INFO ] [http-nio-9090-exec-1] com.springboot.api.controller.GetController getHello 메서드가 호출됨.
[2022-06-27 12:00:43.332] [INFO ] [main] com.springboot.api.ApiApplication Starting ApiApplication using Java 1.8.0_311 on DESKTOP-JEBAGT4 with PID 16068 (C:\Users\Jaehyuk\Documents\springstarter\api\out\production\classes started by Jaehyuk in C:\Users\Jaehyuk\Documents\springstarter\api)
[2022-06-27 12:00:43.335] [INFO ] [main] com.springboot.api.ApiApplication No active profile set, falling back to 1 default profile: "default"
[2022-06-27 12:00:44.586] [INFO ] [main] org.springframework.boot.web.embedded.tomcat.TomcatWebServer Tomcat initialized with port(s): 9090 (http)
[2022-06-27 12:00:44.597] [INFO ] [main] org.apache.coyote.http11.Http11NioProtocol Initializing ProtocolHandler ["http-nio-9090"]
[2022-06-27 12:00:44.597] [INFO ] [main] org.apache.catalina.core.StandardService Starting service [Tomcat]
[2022-06-27 12:00:44.598] [INFO ] [main] org.apache.catalina.core.StandardEngine Starting Servlet engine: [Apache Tomcat/9.0.62]
[2022-06-27 12:00:44.794] [INFO ] [main] org.apache.catalina.core.ContainerBase.[Tomcat].[localhost].[/] Initializing Spring embedded WebApplicationContext
[2022-06-27 12:00:44.794] [INFO ] [main] org.springframework.boot.web.servlet.context.ServletWebServerApplicationContext Root WebApplicationContext: initialization completed in 1408 ms
[2022-06-27 12:00:45.175] [INFO ] [main] springfox.documentation.spring.web.PropertySourcedRequestMappingHandlerMapping Mapped URL path [/v2/api-docs] onto method [springfox.documentation.swagger2.web.Swagger2Controller#getDocumentation(String, HttpServletRequest)]
[2022-06-27 12:00:45.402] [INFO ] [main] org.apache.coyote.http11.Http11NioProtocol Starting ProtocolHandler ["http-nio-9090"]
[2022-06-27 12:00:45.422] [INFO ] [main] org.springframework.boot.web.embedded.tomcat.TomcatWebServer Tomcat started on port(s): 9090 (http) with context path ''
[2022-06-27 12:00:45.422] [INFO ] [main] springfox.documentation.spring.web.plugins.DocumentationPluginsBootstrapper Context refreshed
[2022-06-27 12:00:45.444] [INFO ] [main] springfox.documentation.spring.web.plugins.DocumentationPluginsBootstrapper Found 1 custom documentation plugin(s)
[2022-06-27 12:00:45.485] [INFO ] [main] springfox.documentation.spring.web.scanners.ApiListingReferenceScanner Scanning for api listing references
[2022-06-27 12:00:45.644] [INFO ] [main] com.springboot.api.ApiApplication Started ApiApplication in 2.922 seconds (JVM running for 3.861)
[2022-06-27 12:02:32.570] [INFO ] [main] com.springboot.api.ApiApplication Starting ApiApplication using Java 1.8.0_311 on DESKTOP-JEBAGT4 with PID 19192 (C:\Users\Jaehyuk\Documents\springstarter\api\out\production\classes started by Jaehyuk in C:\Users\Jaehyuk\Documents\springstarter\api)
[2022-06-27 12:02:32.574] [INFO ] [main] com.springboot.api.ApiApplication No active profile set, falling back to 1 default profile: "default"
[2022-06-27 12:02:33.839] [INFO ] [main] org.springframework.boot.web.embedded.tomcat.TomcatWebServer Tomcat initialized with port(s): 9090 (http)
[2022-06-27 12:02:33.849] [INFO ] [main] org.apache.coyote.http11.Http11NioProtocol Initializing ProtocolHandler ["http-nio-9090"]
[2022-06-27 12:02:33.850] [INFO ] [main] org.apache.catalina.core.StandardService Starting service [Tomcat]
[2022-06-27 12:02:33.850] [INFO ] [main] org.apache.catalina.core.StandardEngine Starting Servlet engine: [Apache Tomcat/9.0.62]
[2022-06-27 12:02:34.051] [INFO ] [main] org.apache.catalina.core.ContainerBase.[Tomcat].[localhost].[/] Initializing Spring embedded WebApplicationContext
[2022-06-27 12:02:34.052] [INFO ] [main] org.springframework.boot.web.servlet.context.ServletWebServerApplicationContext Root WebApplicationContext: initialization completed in 1428 ms
[2022-06-27 12:02:34.444] [INFO ] [main] springfox.documentation.spring.web.PropertySourcedRequestMappingHandlerMapping Mapped URL path [/v2/api-docs] onto method [springfox.documentation.swagger2.web.Swagger2Controller#getDocumentation(String, HttpServletRequest)]
[2022-06-27 12:02:34.669] [INFO ] [main] org.apache.coyote.http11.Http11NioProtocol Starting ProtocolHandler ["http-nio-9090"]
[2022-06-27 12:02:34.687] [INFO ] [main] org.springframework.boot.web.embedded.tomcat.TomcatWebServer Tomcat started on port(s): 9090 (http) with context path ''
[2022-06-27 12:02:34.689] [INFO ] [main] springfox.documentation.spring.web.plugins.DocumentationPluginsBootstrapper Context refreshed
[2022-06-27 12:02:34.710] [INFO ] [main] springfox.documentation.spring.web.plugins.DocumentationPluginsBootstrapper Found 1 custom documentation plugin(s)
[2022-06-27 12:02:34.748] [INFO ] [main] springfox.documentation.spring.web.scanners.ApiListingReferenceScanner Scanning for api listing references
[2022-06-27 12:02:34.916] [INFO ] [main] com.springboot.api.ApiApplication Started ApiApplication in 2.963 seconds (JVM running for 3.89)
[2022-06-27 12:07:04.740] [INFO ] [http-nio-9090-exec-1] org.apache.catalina.core.ContainerBase.[Tomcat].[localhost].[/] Initializing Spring DispatcherServlet 'dispatcherServlet'
[2022-06-27 12:07:04.740] [INFO ] [http-nio-9090-exec-1] org.springframework.web.servlet.DispatcherServlet Initializing Servlet 'dispatcherServlet'
[2022-06-27 12:07:04.741] [INFO ] [http-nio-9090-exec-1] org.springframework.web.servlet.DispatcherServlet Completed initialization in 1 ms
[2022-06-27 12:07:04.768] [INFO ] [http-nio-9090-exec-1] com.springboot.api.controller.GetController getHello 메서드가 호출됨.
[2022-06-27 12:07:13.531] [INFO ] [main] com.springboot.api.ApiApplication Starting ApiApplication using Java 1.8.0_311 on DESKTOP-JEBAGT4 with PID 14052 (C:\Users\Jaehyuk\Documents\springstarter\api\out\production\classes started by Jaehyuk in C:\Users\Jaehyuk\Documents\springstarter\api)
[2022-06-27 12:07:13.536] [INFO ] [main] com.springboot.api.ApiApplication No active profile set, falling back to 1 default profile: "default"
[2022-06-27 12:07:15.122] [INFO ] [main] org.springframework.boot.web.embedded.tomcat.TomcatWebServer Tomcat initialized with port(s): 9090 (http)
[2022-06-27 12:07:15.139] [INFO ] [main] org.apache.coyote.http11.Http11NioProtocol Initializing ProtocolHandler ["http-nio-9090"]
[2022-06-27 12:07:15.140] [INFO ] [main] org.apache.catalina.core.StandardService Starting service [Tomcat]
[2022-06-27 12:07:15.140] [INFO ] [main] org.apache.catalina.core.StandardEngine Starting Servlet engine: [Apache Tomcat/9.0.62]
[2022-06-27 12:07:15.390] [INFO ] [main] org.apache.catalina.core.ContainerBase.[Tomcat].[localhost].[/] Initializing Spring embedded WebApplicationContext
[2022-06-27 12:07:15.391] [INFO ] [main] org.springframework.boot.web.servlet.context.ServletWebServerApplicationContext Root WebApplicationContext: initialization completed in 1787 ms
[2022-06-27 12:07:15.866] [INFO ] [main] springfox.documentation.spring.web.PropertySourcedRequestMappingHandlerMapping Mapped URL path [/v2/api-docs] onto method [springfox.documentation.swagger2.web.Swagger2Controller#getDocumentation(String, HttpServletRequest)]
[2022-06-27 12:07:16.114] [INFO ] [main] org.apache.coyote.http11.Http11NioProtocol Starting ProtocolHandler ["http-nio-9090"]
[2022-06-27 12:07:16.134] [INFO ] [main] org.springframework.boot.web.embedded.tomcat.TomcatWebServer Tomcat started on port(s): 9090 (http) with context path ''
[2022-06-27 12:07:16.136] [INFO ] [main] springfox.documentation.spring.web.plugins.DocumentationPluginsBootstrapper Context refreshed
[2022-06-27 12:07:16.159] [INFO ] [main] springfox.documentation.spring.web.plugins.DocumentationPluginsBootstrapper Found 1 custom documentation plugin(s)
[2022-06-27 12:07:16.204] [INFO ] [main] springfox.documentation.spring.web.scanners.ApiListingReferenceScanner Scanning for api listing references
[2022-06-27 12:07:16.371] [INFO ] [main] com.springboot.api.ApiApplication Started ApiApplication in 3.476 seconds (JVM running for 4.582)
[2022-06-27 12:10:05.144] [INFO ] [main] com.springboot.api.ApiApplication Starting ApiApplication using Java 1.8.0_311 on DESKTOP-JEBAGT4 with PID 20756 (C:\Users\Jaehyuk\Documents\springstarter\api\out\production\classes started by Jaehyuk in C:\Users\Jaehyuk\Documents\springstarter\api)
[2022-06-27 12:10:05.147] [INFO ] [main] com.springboot.api.ApiApplication No active profile set, falling back to 1 default profile: "default"
[2022-06-27 12:10:06.407] [INFO ] [main] org.springframework.boot.web.embedded.tomcat.TomcatWebServer Tomcat initialized with port(s): 9090 (http)
[2022-06-27 12:10:06.417] [INFO ] [main] org.apache.coyote.http11.Http11NioProtocol Initializing ProtocolHandler ["http-nio-9090"]
[2022-06-27 12:10:06.417] [INFO ] [main] org.apache.catalina.core.StandardService Starting service [Tomcat]
[2022-06-27 12:10:06.418] [INFO ] [main] org.apache.catalina.core.StandardEngine Starting Servlet engine: [Apache Tomcat/9.0.62]
[2022-06-27 12:10:06.609] [INFO ] [main] org.apache.catalina.core.ContainerBase.[Tomcat].[localhost].[/] Initializing Spring embedded WebApplicationContext
[2022-06-27 12:10:06.610] [INFO ] [main] org.springframework.boot.web.servlet.context.ServletWebServerApplicationContext Root WebApplicationContext: initialization completed in 1410 ms
[2022-06-27 12:10:07.001] [INFO ] [main] springfox.documentation.spring.web.PropertySourcedRequestMappingHandlerMapping Mapped URL path [/v2/api-docs] onto method [springfox.documentation.swagger2.web.Swagger2Controller#getDocumentation(String, HttpServletRequest)]
[2022-06-27 12:10:07.225] [INFO ] [main] org.apache.coyote.http11.Http11NioProtocol Starting ProtocolHandler ["http-nio-9090"]
[2022-06-27 12:10:07.243] [INFO ] [main] org.springframework.boot.web.embedded.tomcat.TomcatWebServer Tomcat started on port(s): 9090 (http) with context path ''
[2022-06-27 12:10:07.244] [INFO ] [main] springfox.documentation.spring.web.plugins.DocumentationPluginsBootstrapper Context refreshed
[2022-06-27 12:10:07.265] [INFO ] [main] springfox.documentation.spring.web.plugins.DocumentationPluginsBootstrapper Found 1 custom documentation plugin(s)
[2022-06-27 12:10:07.304] [INFO ] [main] springfox.documentation.spring.web.scanners.ApiListingReferenceScanner Scanning for api listing references
[2022-06-27 12:10:07.469] [INFO ] [main] com.springboot.api.ApiApplication Started ApiApplication in 2.96 seconds (JVM running for 3.904)
[2022-06-27 12:10:29.261] [INFO ] [http-nio-9090-exec-4] org.apache.catalina.core.ContainerBase.[Tomcat].[localhost].[/] Initializing Spring DispatcherServlet 'dispatcherServlet'
[2022-06-27 12:10:29.261] [INFO ] [http-nio-9090-exec-4] org.springframework.web.servlet.DispatcherServlet Initializing Servlet 'dispatcherServlet'
[2022-06-27 12:10:29.262] [INFO ] [http-nio-9090-exec-4] org.springframework.web.servlet.DispatcherServlet Completed initialization in 1 ms
[2022-06-27 12:10:29.288] [INFO ] [http-nio-9090-exec-4] com.springboot.api.controller.GetController getHello 메서드가 호출됨.
[2022-06-27 12:10:44.576] [INFO ] [http-nio-9090-exec-1] com.springboot.api.controller.GetController getHello 메서드가 호출됨.
[2022-06-27 12:10:45.886] [INFO ] [http-nio-9090-exec-3] com.springboot.api.controller.GetController getHello 메서드가 호출됨.
[2022-06-27 12:10:46.599] [INFO ] [http-nio-9090-exec-2] com.springboot.api.controller.GetController getHello 메서드가 호출됨.
[2022-06-27 12:10:47.245] [INFO ] [http-nio-9090-exec-5] com.springboot.api.controller.GetController getHello 메서드가 호출됨.
[2022-06-27 12:10:47.856] [INFO ] [http-nio-9090-exec-6] com.springboot.api.controller.GetController getHello 메서드가 호출됨.
[2022-06-27 12:10:48.036] [INFO ] [http-nio-9090-exec-7] com.springboot.api.controller.GetController getHello 메서드가 호출됨.
[2022-06-27 12:10:48.180] [INFO ] [http-nio-9090-exec-8] com.springboot.api.controller.GetController getHello 메서드가 호출됨.
[2022-06-27 12:10:48.311] [INFO ] [http-nio-9090-exec-9] com.springboot.api.controller.GetController getHello 메서드가 호출됨.
[2022-06-27 12:10:48.434] [INFO ] [http-nio-9090-exec-10] com.springboot.api.controller.GetController getHello 메서드가 호출됨.
[2022-06-27 12:10:48.563] [INFO ] [http-nio-9090-exec-4] com.springboot.api.controller.GetController getHello 메서드가 호출됨.
[2022-06-27 12:10:48.672] [INFO ] [http-nio-9090-exec-1] com.springboot.api.controller.GetController getHello 메서드가 호출됨.
[2022-06-27 12:10:48.797] [INFO ] [http-nio-9090-exec-3] com.springboot.api.controller.GetController getHello 메서드가 호출됨.
[2022-06-27 12:10:48.910] [INFO ] [http-nio-9090-exec-2] com.springboot.api.controller.GetController getHello 메서드가 호출됨.
[2022-06-27 12:10:49.018] [INFO ] [http-nio-9090-exec-5] com.springboot.api.controller.GetController getHello 메서드가 호출됨.
[2022-06-27 12:10:49.147] [INFO ] [http-nio-9090-exec-6] com.springboot.api.controller.GetController getHello 메서드가 호출됨.
[2022-06-27 12:10:49.254] [INFO ] [http-nio-9090-exec-7] com.springboot.api.controller.GetController getHello 메서드가 호출됨.
[2022-06-27 12:10:49.373] [INFO ] [http-nio-9090-exec-8] com.springboot.api.controller.GetController getHello 메서드가 호출됨.
[2022-06-27 12:10:49.587] [INFO ] [http-nio-9090-exec-9] com.springboot.api.controller.GetController getHello 메서드가 호출됨.
[2022-06-27 12:10:49.735] [INFO ] [http-nio-9090-exec-10] com.springboot.api.controller.GetController getHello 메서드가 호출됨.
[2022-06-27 12:10:49.864] [INFO ] [http-nio-9090-exec-4] com.springboot.api.controller.GetController getHello 메서드가 호출됨.
[2022-06-27 12:10:49.971] [INFO ] [http-nio-9090-exec-1] com.springboot.api.controller.GetController getHello 메서드가 호출됨.
[2022-06-27 12:10:50.095] [INFO ] [http-nio-9090-exec-3] com.springboot.api.controller.GetController getHello 메서드가 호출됨.
[2022-06-27 12:10:50.208] [INFO ] [http-nio-9090-exec-2] com.springboot.api.controller.GetController getHello 메서드가 호출됨.
[2022-06-27 12:10:50.342] [INFO ] [http-nio-9090-exec-5] com.springboot.api.controller.GetController getHello 메서드가 호출됨.
[2022-06-27 12:10:50.557] [INFO ] [http-nio-9090-exec-6] com.springboot.api.controller.GetController getHello 메서드가 호출됨.
[2022-06-27 12:10:50.722] [INFO ] [http-nio-9090-exec-7] com.springboot.api.controller.GetController getHello 메서드가 호출됨.
[2022-06-27 12:10:50.873] [INFO ] [http-nio-9090-exec-8] com.springboot.api.controller.GetController getHello 메서드가 호출됨.
[2022-06-27 12:10:51.014] [INFO ] [http-nio-9090-exec-9] com.springboot.api.controller.GetController getHello 메서드가 호출됨.
[2022-06-27 12:10:51.162] [INFO ] [http-nio-9090-exec-10] com.springboot.api.controller.GetController getHello 메서드가 호출됨.
[2022-06-27 12:10:51.307] [INFO ] [http-nio-9090-exec-4] com.springboot.api.controller.GetController getHello 메서드가 호출됨.
[2022-06-27 12:10:51.452] [INFO ] [http-nio-9090-exec-1] com.springboot.api.controller.GetController getHello 메서드가 호출됨.
[2022-06-27 12:10:51.719] [INFO ] [http-nio-9090-exec-3] com.springboot.api.controller.GetController getHello 메서드가 호출됨.
[2022-06-27 12:10:51.873] [INFO ] [http-nio-9090-exec-2] com.springboot.api.controller.GetController getHello 메서드가 호출됨.
[2022-06-27 12:10:52.042] [INFO ] [http-nio-9090-exec-5] com.springboot.api.controller.GetController getHello 메서드가 호출됨.
[2022-06-27 12:10:52.234] [INFO ] [http-nio-9090-exec-6] com.springboot.api.controller.GetController getHello 메서드가 호출됨.
[2022-06-27 12:10:52.402] [INFO ] [http-nio-9090-exec-7] com.springboot.api.controller.GetController getHello 메서드가 호출됨.
[2022-06-27 12:10:52.577] [INFO ] [http-nio-9090-exec-8] com.springboot.api.controller.GetController getHello 메서드가 호출됨.
[2022-06-27 12:10:52.746] [INFO ] [http-nio-9090-exec-9] com.springboot.api.controller.GetController getHello 메서드가 호출됨.
[2022-06-27 12:10:52.895] [INFO ] [http-nio-9090-exec-10] com.springboot.api.controller.GetController getHello 메서드가 호출됨.
[2022-06-27 12:10:53.036] [INFO ] [http-nio-9090-exec-4] com.springboot.api.controller.GetController getHello 메서드가 호출됨.
[2022-06-27 12:10:53.183] [INFO ] [http-nio-9090-exec-1] com.springboot.api.controller.GetController getHello 메서드가 호출됨.
[2022-06-27 12:10:53.388] [INFO ] [http-nio-9090-exec-3] com.springboot.api.controller.GetController getHello 메서드가 호출됨.
[2022-06-27 12:10:53.544] [INFO ] [http-nio-9090-exec-2] com.springboot.api.controller.GetController getHello 메서드가 호출됨.
[2022-06-27 12:10:53.668] [INFO ] [http-nio-9090-exec-5] com.springboot.api.controller.GetController getHello 메서드가 호출됨.
[2022-06-27 12:10:53.788] [INFO ] [http-nio-9090-exec-6] com.springboot.api.controller.GetController getHello 메서드가 호출됨.
[2022-06-27 12:10:54.063] [INFO ] [http-nio-9090-exec-7] com.springboot.api.controller.GetController getHello 메서드가 호출됨.
[2022-06-27 12:10:54.207] [INFO ] [http-nio-9090-exec-8] com.springboot.api.controller.GetController getHello 메서드가 호출됨.
[2022-06-27 12:10:54.346] [INFO ] [http-nio-9090-exec-9] com.springboot.api.controller.GetController getHello 메서드가 호출됨.
[2022-06-27 12:10:54.496] [INFO ] [http-nio-9090-exec-10] com.springboot.api.controller.GetController getHello 메서드가 호출됨.
[2022-06-27 12:10:54.604] [INFO ] [http-nio-9090-exec-4] com.springboot.api.controller.GetController getHello 메서드가 호출됨.
[2022-06-27 12:10:54.733] [INFO ] [http-nio-9090-exec-1] com.springboot.api.controller.GetController getHello 메서드가 호출됨.
[2022-06-27 12:10:54.878] [INFO ] [http-nio-9090-exec-3] com.springboot.api.controller.GetController getHello 메서드가 호출됨.
[2022-06-27 12:10:55.110] [INFO ] [http-nio-9090-exec-2] com.springboot.api.controller.GetController getHello 메서드가 호출됨.
[2022-06-27 12:10:55.229] [INFO ] [http-nio-9090-exec-5] com.springboot.api.controller.GetController getHello 메서드가 호출됨.
[2022-06-27 12:10:55.383] [INFO ] [http-nio-9090-exec-6] com.springboot.api.controller.GetController getHello 메서드가 호출됨.
[2022-06-27 12:10:55.628] [INFO ] [http-nio-9090-exec-7] com.springboot.api.controller.GetController getHello 메서드가 호출됨.
[2022-06-27 12:10:55.762] [INFO ] [http-nio-9090-exec-8] com.springboot.api.controller.GetController getHello 메서드가 호출됨.
[2022-06-27 12:10:55.896] [INFO ] [http-nio-9090-exec-9] com.springboot.api.controller.GetController getHello 메서드가 호출됨.
[2022-06-27 12:10:56.020] [INFO ] [http-nio-9090-exec-10] com.springboot.api.controller.GetController getHello 메서드가 호출됨.
[2022-06-27 12:10:56.132] [INFO ] [http-nio-9090-exec-4] com.springboot.api.controller.GetController getHello 메서드가 호출됨.
[2022-06-27 12:10:56.248] [INFO ] [http-nio-9090-exec-1] com.springboot.api.controller.GetController getHello 메서드가 호출됨.
[2022-06-27 12:10:56.612] [INFO ] [http-nio-9090-exec-3] com.springboot.api.controller.GetController getHello 메서드가 호출됨.
[2022-06-27 12:10:56.859] [INFO ] [http-nio-9090-exec-2] com.springboot.api.controller.GetController getHello 메서드가 호출됨.
[2022-06-27 12:10:57.082] [INFO ] [http-nio-9090-exec-5] com.springboot.api.controller.GetController getHello 메서드가 호출됨.
[2022-06-27 12:10:57.243] [INFO ] [http-nio-9090-exec-6] com.springboot.api.controller.GetController getHello 메서드가 호출됨.
[2022-06-27 12:10:57.438] [INFO ] [http-nio-9090-exec-7] com.springboot.api.controller.GetController getHello 메서드가 호출됨.
[2022-06-27 12:10:57.596] [INFO ] [http-nio-9090-exec-8] com.springboot.api.controller.GetController getHello 메서드가 호출됨.
[2022-06-27 12:10:57.734] [INFO ] [http-nio-9090-exec-9] com.springboot.api.controller.GetController getHello 메서드가 호출됨.
[2022-06-27 12:10:58.014] [INFO ] [http-nio-9090-exec-10] com.springboot.api.controller.GetController getHello 메서드가 호출됨.
[2022-06-27 12:10:58.167] [INFO ] [http-nio-9090-exec-4] com.springboot.api.controller.GetController getHello 메서드가 호출됨.
[2022-06-27 12:10:58.304] [INFO ] [http-nio-9090-exec-1] com.springboot.api.controller.GetController getHello 메서드가 호출됨.
[2022-06-27 12:10:58.463] [INFO ] [http-nio-9090-exec-3] com.springboot.api.controller.GetController getHello 메서드가 호출됨.
[2022-06-27 12:10:58.901] [INFO ] [http-nio-9090-exec-2] com.springboot.api.controller.GetController getHello 메서드가 호출됨.
[2022-06-27 12:10:59.607] [INFO ] [http-nio-9090-exec-5] com.springboot.api.controller.GetController getHello 메서드가 호출됨.
[2022-06-27 13:44:48.823] [INFO ] [main] com.springboot.api.ApiApplication Starting ApiApplication using Java 1.8.0_311 on DESKTOP-JEBAGT4 with PID 20508 (C:\Users\Jaehyuk\Documents\springstarter\api\out\production\classes started by Jaehyuk in C:\Users\Jaehyuk\Documents\springstarter\api)
[2022-06-27 13:44:48.828] [INFO ] [main] com.springboot.api.ApiApplication No active profile set, falling back to 1 default profile: "default"
[2022-06-27 13:44:49.967] [INFO ] [main] org.springframework.data.repository.config.RepositoryConfigurationDelegate Bootstrapping Spring Data JPA repositories in DEFAULT mode.
[2022-06-27 13:44:50.050] [INFO ] [main] org.springframework.data.repository.config.RepositoryConfigurationDelegate Finished Spring Data repository scanning in 70 ms. Found 1 JPA repository interfaces.
[2022-06-27 13:44:50.678] [INFO ] [main] org.springframework.boot.web.embedded.tomcat.TomcatWebServer Tomcat initialized with port(s): 9090 (http)
[2022-06-27 13:44:50.689] [INFO ] [main] org.apache.coyote.http11.Http11NioProtocol Initializing ProtocolHandler ["http-nio-9090"]
[2022-06-27 13:44:50.690] [INFO ] [main] org.apache.catalina.core.StandardService Starting service [Tomcat]
[2022-06-27 13:44:50.690] [INFO ] [main] org.apache.catalina.core.StandardEngine Starting Servlet engine: [Apache Tomcat/9.0.62]
[2022-06-27 13:44:50.910] [INFO ] [main] org.apache.catalina.core.ContainerBase.[Tomcat].[localhost].[/] Initializing Spring embedded WebApplicationContext
[2022-06-27 13:44:50.910] [INFO ] [main] org.springframework.boot.web.servlet.context.ServletWebServerApplicationContext Root WebApplicationContext: initialization completed in 2015 ms
[2022-06-27 13:44:51.119] [INFO ] [main] org.hibernate.jpa.internal.util.LogHelper HHH000204: Processing PersistenceUnitInfo [name: default]
[2022-06-27 13:44:51.187] [INFO ] [main] org.hibernate.Version HHH000412: Hibernate ORM core version 5.4.33
[2022-06-27 13:44:51.417] [INFO ] [main] org.hibernate.annotations.common.Version HCANN000001: Hibernate Commons Annotations {5.1.2.Final}
[2022-06-27 13:44:51.558] [INFO ] [main] com.zaxxer.hikari.HikariDataSource HikariPool-1 - Starting...
[2022-06-27 13:44:52.073] [INFO ] [main] com.zaxxer.hikari.HikariDataSource HikariPool-1 - Start completed.
[2022-06-27 13:44:52.091] [INFO ] [main] org.hibernate.dialect.Dialect HHH000400: Using dialect: org.hibernate.dialect.MySQL8Dialect
[2022-06-27 13:44:52.984] [INFO ] [main] org.hibernate.engine.transaction.jta.platform.internal.JtaPlatformInitiator HHH000490: Using JtaPlatform implementation: [org.hibernate.engine.transaction.jta.platform.internal.NoJtaPlatform]
[2022-06-27 13:44:53.000] [INFO ] [main] org.springframework.orm.jpa.LocalContainerEntityManagerFactoryBean Initialized JPA EntityManagerFactory for persistence unit 'default'
[2022-06-27 13:44:53.534] [WARN ] [main] org.springframework.boot.autoconfigure.orm.jpa.JpaBaseConfiguration$JpaWebConfiguration spring.jpa.open-in-view is enabled by default. Therefore, database queries may be performed during view rendering. Explicitly configure spring.jpa.open-in-view to disable this warning
[2022-06-27 13:44:53.677] [INFO ] [main] springfox.documentation.spring.web.PropertySourcedRequestMappingHandlerMapping Mapped URL path [/v2/api-docs] onto method [springfox.documentation.swagger2.web.Swagger2Controller#getDocumentation(String, HttpServletRequest)]
[2022-06-27 13:44:53.991] [INFO ] [main] org.apache.coyote.http11.Http11NioProtocol Starting ProtocolHandler ["http-nio-9090"]
[2022-06-27 13:44:54.011] [INFO ] [main] org.springframework.boot.web.embedded.tomcat.TomcatWebServer Tomcat started on port(s): 9090 (http) with context path ''
[2022-06-27 13:44:54.012] [INFO ] [main] springfox.documentation.spring.web.plugins.DocumentationPluginsBootstrapper Context refreshed
[2022-06-27 13:44:54.034] [INFO ] [main] springfox.documentation.spring.web.plugins.DocumentationPluginsBootstrapper Found 1 custom documentation plugin(s)
[2022-06-27 13:44:54.076] [INFO ] [main] springfox.documentation.spring.web.scanners.ApiListingReferenceScanner Scanning for api listing references
[2022-06-27 13:44:54.248] [INFO ] [main] com.springboot.api.ApiApplication Started ApiApplication in 6.224 seconds (JVM running for 7.311)
[2022-06-27 13:50:11.798] [INFO ] [main] com.springboot.api.ApiApplication Starting ApiApplication using Java 1.8.0_311 on DESKTOP-JEBAGT4 with PID 3480 (C:\Users\Jaehyuk\Documents\springstarter\api\out\production\classes started by Jaehyuk in C:\Users\Jaehyuk\Documents\springstarter\api)
[2022-06-27 13:50:11.802] [INFO ] [main] com.springboot.api.ApiApplication No active profile set, falling back to 1 default profile: "default"
[2022-06-27 13:50:12.967] [INFO ] [main] org.springframework.data.repository.config.RepositoryConfigurationDelegate Bootstrapping Spring Data JPA repositories in DEFAULT mode.
[2022-06-27 13:50:13.058] [INFO ] [main] org.springframework.data.repository.config.RepositoryConfigurationDelegate Finished Spring Data repository scanning in 77 ms. Found 1 JPA repository interfaces.
[2022-06-27 13:50:13.728] [INFO ] [main] org.springframework.boot.web.embedded.tomcat.TomcatWebServer Tomcat initialized with port(s): 9090 (http)
[2022-06-27 13:50:13.739] [INFO ] [main] org.apache.coyote.http11.Http11NioProtocol Initializing ProtocolHandler ["http-nio-9090"]
[2022-06-27 13:50:13.739] [INFO ] [main] org.apache.catalina.core.StandardService Starting service [Tomcat]
[2022-06-27 13:50:13.740] [INFO ] [main] org.apache.catalina.core.StandardEngine Starting Servlet engine: [Apache Tomcat/9.0.62]
[2022-06-27 13:50:13.973] [INFO ] [main] org.apache.catalina.core.ContainerBase.[Tomcat].[localhost].[/] Initializing Spring embedded WebApplicationContext
[2022-06-27 13:50:13.974] [INFO ] [main] org.springframework.boot.web.servlet.context.ServletWebServerApplicationContext Root WebApplicationContext: initialization completed in 2116 ms
[2022-06-27 13:50:14.209] [INFO ] [main] org.hibernate.jpa.internal.util.LogHelper HHH000204: Processing PersistenceUnitInfo [name: default]
[2022-06-27 13:50:14.283] [INFO ] [main] org.hibernate.Version HHH000412: Hibernate ORM core version 5.4.33
[2022-06-27 13:50:14.543] [INFO ] [main] org.hibernate.annotations.common.Version HCANN000001: Hibernate Commons Annotations {5.1.2.Final}
[2022-06-27 13:50:14.701] [INFO ] [main] com.zaxxer.hikari.HikariDataSource HikariPool-1 - Starting...
[2022-06-27 13:50:15.259] [INFO ] [main] com.zaxxer.hikari.HikariDataSource HikariPool-1 - Start completed.
[2022-06-27 13:50:15.280] [INFO ] [main] org.hibernate.dialect.Dialect HHH000400: Using dialect: org.hibernate.dialect.MySQL8Dialect
[2022-06-27 13:50:16.166] [INFO ] [main] org.hibernate.engine.transaction.jta.platform.internal.JtaPlatformInitiator HHH000490: Using JtaPlatform implementation: [org.hibernate.engine.transaction.jta.platform.internal.NoJtaPlatform]
[2022-06-27 13:50:16.182] [INFO ] [main] org.springframework.orm.jpa.LocalContainerEntityManagerFactoryBean Initialized JPA EntityManagerFactory for persistence unit 'default'
[2022-06-27 13:50:16.722] [WARN ] [main] org.springframework.boot.autoconfigure.orm.jpa.JpaBaseConfiguration$JpaWebConfiguration spring.jpa.open-in-view is enabled by default. Therefore, database queries may be performed during view rendering. Explicitly configure spring.jpa.open-in-view to disable this warning
[2022-06-27 13:50:16.860] [INFO ] [main] springfox.documentation.spring.web.PropertySourcedRequestMappingHandlerMapping Mapped URL path [/v2/api-docs] onto method [springfox.documentation.swagger2.web.Swagger2Controller#getDocumentation(String, HttpServletRequest)]
[2022-06-27 13:50:17.167] [INFO ] [main] org.apache.coyote.http11.Http11NioProtocol Starting ProtocolHandler ["http-nio-9090"]
[2022-06-27 13:50:17.187] [INFO ] [main] org.springframework.boot.web.embedded.tomcat.TomcatWebServer Tomcat started on port(s): 9090 (http) with context path ''
[2022-06-27 13:50:17.189] [INFO ] [main] springfox.documentation.spring.web.plugins.DocumentationPluginsBootstrapper Context refreshed
[2022-06-27 13:50:17.211] [INFO ] [main] springfox.documentation.spring.web.plugins.DocumentationPluginsBootstrapper Found 1 custom documentation plugin(s)
[2022-06-27 13:50:17.255] [INFO ] [main] springfox.documentation.spring.web.scanners.ApiListingReferenceScanner Scanning for api listing references
[2022-06-27 13:50:17.433] [INFO ] [main] com.springboot.api.ApiApplication Started ApiApplication in 6.364 seconds (JVM running for 7.543)
[2022-06-27 13:53:42.311] [INFO ] [main] com.springboot.api.ApiApplication Starting ApiApplication using Java 1.8.0_311 on DESKTOP-JEBAGT4 with PID 9764 (C:\Users\Jaehyuk\Documents\springstarter\api\out\production\classes started by Jaehyuk in C:\Users\Jaehyuk\Documents\springstarter\api)
[2022-06-27 13:53:42.316] [INFO ] [main] com.springboot.api.ApiApplication No active profile set, falling back to 1 default profile: "default"
[2022-06-27 13:53:43.389] [INFO ] [main] org.springframework.data.repository.config.RepositoryConfigurationDelegate Bootstrapping Spring Data JPA repositories in DEFAULT mode.
[2022-06-27 13:53:43.468] [INFO ] [main] org.springframework.data.repository.config.RepositoryConfigurationDelegate Finished Spring Data repository scanning in 69 ms. Found 1 JPA repository interfaces.
[2022-06-27 13:53:44.077] [INFO ] [main] org.springframework.boot.web.embedded.tomcat.TomcatWebServer Tomcat initialized with port(s): 9090 (http)
[2022-06-27 13:53:44.087] [INFO ] [main] org.apache.coyote.http11.Http11NioProtocol Initializing ProtocolHandler ["http-nio-9090"]
[2022-06-27 13:53:44.088] [INFO ] [main] org.apache.catalina.core.StandardService Starting service [Tomcat]
[2022-06-27 13:53:44.088] [INFO ] [main] org.apache.catalina.core.StandardEngine Starting Servlet engine: [Apache Tomcat/9.0.62]
[2022-06-27 13:53:44.307] [INFO ] [main] org.apache.catalina.core.ContainerBase.[Tomcat].[localhost].[/] Initializing Spring embedded WebApplicationContext
[2022-06-27 13:53:44.307] [INFO ] [main] org.springframework.boot.web.servlet.context.ServletWebServerApplicationContext Root WebApplicationContext: initialization completed in 1932 ms
[2022-06-27 13:53:44.522] [INFO ] [main] org.hibernate.jpa.internal.util.LogHelper HHH000204: Processing PersistenceUnitInfo [name: default]
[2022-06-27 13:53:44.586] [INFO ] [main] org.hibernate.Version HHH000412: Hibernate ORM core version 5.4.33
[2022-06-27 13:53:44.811] [INFO ] [main] org.hibernate.annotations.common.Version HCANN000001: Hibernate Commons Annotations {5.1.2.Final}
[2022-06-27 13:53:44.950] [INFO ] [main] com.zaxxer.hikari.HikariDataSource HikariPool-1 - Starting...
[2022-06-27 13:53:45.471] [INFO ] [main] com.zaxxer.hikari.HikariDataSource HikariPool-1 - Start completed.
[2022-06-27 13:53:45.491] [INFO ] [main] org.hibernate.dialect.Dialect HHH000400: Using dialect: org.hibernate.dialect.MySQL8Dialect
[2022-06-27 13:53:46.264] [INFO ] [main] org.hibernate.engine.transaction.jta.platform.internal.JtaPlatformInitiator HHH000490: Using JtaPlatform implementation: [org.hibernate.engine.transaction.jta.platform.internal.NoJtaPlatform]
[2022-06-27 13:53:46.279] [INFO ] [main] org.springframework.orm.jpa.LocalContainerEntityManagerFactoryBean Initialized JPA EntityManagerFactory for persistence unit 'default'
[2022-06-27 13:53:46.787] [WARN ] [main] org.springframework.boot.autoconfigure.orm.jpa.JpaBaseConfiguration$JpaWebConfiguration spring.jpa.open-in-view is enabled by default. Therefore, database queries may be performed during view rendering. Explicitly configure spring.jpa.open-in-view to disable this warning
[2022-06-27 13:53:46.935] [INFO ] [main] springfox.documentation.spring.web.PropertySourcedRequestMappingHandlerMapping Mapped URL path [/v2/api-docs] onto method [springfox.documentation.swagger2.web.Swagger2Controller#getDocumentation(String, HttpServletRequest)]
[2022-06-27 13:53:47.237] [INFO ] [main] org.apache.coyote.http11.Http11NioProtocol Starting ProtocolHandler ["http-nio-9090"]
[2022-06-27 13:53:47.257] [INFO ] [main] org.springframework.boot.web.embedded.tomcat.TomcatWebServer Tomcat started on port(s): 9090 (http) with context path ''
[2022-06-27 13:53:47.258] [INFO ] [main] springfox.documentation.spring.web.plugins.DocumentationPluginsBootstrapper Context refreshed
[2022-06-27 13:53:47.281] [INFO ] [main] springfox.documentation.spring.web.plugins.DocumentationPluginsBootstrapper Found 1 custom documentation plugin(s)
[2022-06-27 13:53:47.325] [INFO ] [main] springfox.documentation.spring.web.scanners.ApiListingReferenceScanner Scanning for api listing references
[2022-06-27 13:53:47.493] [INFO ] [main] com.springboot.api.ApiApplication Started ApiApplication in 5.806 seconds (JVM running for 6.831)
[2022-06-27 13:55:48.804] [INFO ] [main] com.springboot.api.ApiApplication Starting ApiApplication using Java 1.8.0_311 on DESKTOP-JEBAGT4 with PID 14504 (C:\Users\Jaehyuk\Documents\springstarter\api\out\production\classes started by Jaehyuk in C:\Users\Jaehyuk\Documents\springstarter\api)
[2022-06-27 13:55:48.808] [INFO ] [main] com.springboot.api.ApiApplication No active profile set, falling back to 1 default profile: "default"
[2022-06-27 13:55:49.857] [INFO ] [main] org.springframework.data.repository.config.RepositoryConfigurationDelegate Bootstrapping Spring Data JPA repositories in DEFAULT mode.
[2022-06-27 13:55:49.945] [INFO ] [main] org.springframework.data.repository.config.RepositoryConfigurationDelegate Finished Spring Data repository scanning in 75 ms. Found 1 JPA repository interfaces.
[2022-06-27 13:55:50.596] [INFO ] [main] org.springframework.boot.web.embedded.tomcat.TomcatWebServer Tomcat initialized with port(s): 9090 (http)
[2022-06-27 13:55:50.608] [INFO ] [main] org.apache.coyote.http11.Http11NioProtocol Initializing ProtocolHandler ["http-nio-9090"]
[2022-06-27 13:55:50.608] [INFO ] [main] org.apache.catalina.core.StandardService Starting service [Tomcat]
[2022-06-27 13:55:50.608] [INFO ] [main] org.apache.catalina.core.StandardEngine Starting Servlet engine: [Apache Tomcat/9.0.62]
[2022-06-27 13:55:50.830] [INFO ] [main] org.apache.catalina.core.ContainerBase.[Tomcat].[localhost].[/] Initializing Spring embedded WebApplicationContext
[2022-06-27 13:55:50.830] [INFO ] [main] org.springframework.boot.web.servlet.context.ServletWebServerApplicationContext Root WebApplicationContext: initialization completed in 1968 ms
[2022-06-27 13:55:51.048] [INFO ] [main] org.hibernate.jpa.internal.util.LogHelper HHH000204: Processing PersistenceUnitInfo [name: default]
[2022-06-27 13:55:51.113] [INFO ] [main] org.hibernate.Version HHH000412: Hibernate ORM core version 5.4.33
[2022-06-27 13:55:51.349] [INFO ] [main] org.hibernate.annotations.common.Version HCANN000001: Hibernate Commons Annotations {5.1.2.Final}
[2022-06-27 13:55:51.487] [INFO ] [main] com.zaxxer.hikari.HikariDataSource HikariPool-1 - Starting...
[2022-06-27 13:55:52.009] [INFO ] [main] com.zaxxer.hikari.HikariDataSource HikariPool-1 - Start completed.
[2022-06-27 13:55:52.031] [INFO ] [main] org.hibernate.dialect.Dialect HHH000400: Using dialect: org.hibernate.dialect.MySQL8Dialect
[2022-06-27 13:55:52.825] [INFO ] [main] org.hibernate.engine.transaction.jta.platform.internal.JtaPlatformInitiator HHH000490: Using JtaPlatform implementation: [org.hibernate.engine.transaction.jta.platform.internal.NoJtaPlatform]
[2022-06-27 13:55:52.839] [INFO ] [main] org.springframework.orm.jpa.LocalContainerEntityManagerFactoryBean Initialized JPA EntityManagerFactory for persistence unit 'default'
[2022-06-27 13:55:53.365] [WARN ] [main] org.springframework.boot.autoconfigure.orm.jpa.JpaBaseConfiguration$JpaWebConfiguration spring.jpa.open-in-view is enabled by default. Therefore, database queries may be performed during view rendering. Explicitly configure spring.jpa.open-in-view to disable this warning
[2022-06-27 13:55:53.502] [INFO ] [main] springfox.documentation.spring.web.PropertySourcedRequestMappingHandlerMapping Mapped URL path [/v2/api-docs] onto method [springfox.documentation.swagger2.web.Swagger2Controller#getDocumentation(String, HttpServletRequest)]
[2022-06-27 13:55:53.816] [INFO ] [main] org.apache.coyote.http11.Http11NioProtocol Starting ProtocolHandler ["http-nio-9090"]
[2022-06-27 13:55:53.835] [INFO ] [main] org.springframework.boot.web.embedded.tomcat.TomcatWebServer Tomcat started on port(s): 9090 (http) with context path ''
[2022-06-27 13:55:53.837] [INFO ] [main] springfox.documentation.spring.web.plugins.DocumentationPluginsBootstrapper Context refreshed
[2022-06-27 13:55:53.859] [INFO ] [main] springfox.documentation.spring.web.plugins.DocumentationPluginsBootstrapper Found 1 custom documentation plugin(s)
[2022-06-27 13:55:53.903] [INFO ] [main] springfox.documentation.spring.web.scanners.ApiListingReferenceScanner Scanning for api listing references
[2022-06-27 13:55:54.072] [INFO ] [main] com.springboot.api.ApiApplication Started ApiApplication in 5.892 seconds (JVM running for 6.949)
[2022-06-27 13:56:28.141] [INFO ] [main] com.springboot.api.ApiApplication Starting ApiApplication using Java 1.8.0_311 on DESKTOP-JEBAGT4 with PID 15356 (C:\Users\Jaehyuk\Documents\springstarter\api\out\production\classes started by Jaehyuk in C:\Users\Jaehyuk\Documents\springstarter\api)
[2022-06-27 13:56:28.145] [INFO ] [main] com.springboot.api.ApiApplication No active profile set, falling back to 1 default profile: "default"
[2022-06-27 13:56:29.170] [INFO ] [main] org.springframework.data.repository.config.RepositoryConfigurationDelegate Bootstrapping Spring Data JPA repositories in DEFAULT mode.
[2022-06-27 13:56:29.258] [INFO ] [main] org.springframework.data.repository.config.RepositoryConfigurationDelegate Finished Spring Data repository scanning in 75 ms. Found 1 JPA repository interfaces.
[2022-06-27 13:56:29.901] [INFO ] [main] org.springframework.boot.web.embedded.tomcat.TomcatWebServer Tomcat initialized with port(s): 9090 (http)
[2022-06-27 13:56:29.912] [INFO ] [main] org.apache.coyote.http11.Http11NioProtocol Initializing ProtocolHandler ["http-nio-9090"]
[2022-06-27 13:56:29.913] [INFO ] [main] org.apache.catalina.core.StandardService Starting service [Tomcat]
[2022-06-27 13:56:29.913] [INFO ] [main] org.apache.catalina.core.StandardEngine Starting Servlet engine: [Apache Tomcat/9.0.62]
[2022-06-27 13:56:30.133] [INFO ] [main] org.apache.catalina.core.ContainerBase.[Tomcat].[localhost].[/] Initializing Spring embedded WebApplicationContext
[2022-06-27 13:56:30.133] [INFO ] [main] org.springframework.boot.web.servlet.context.ServletWebServerApplicationContext Root WebApplicationContext: initialization completed in 1937 ms
[2022-06-27 13:56:30.367] [INFO ] [main] org.hibernate.jpa.internal.util.LogHelper HHH000204: Processing PersistenceUnitInfo [name: default]
[2022-06-27 13:56:30.439] [INFO ] [main] org.hibernate.Version HHH000412: Hibernate ORM core version 5.4.33
[2022-06-27 13:56:30.679] [INFO ] [main] org.hibernate.annotations.common.Version HCANN000001: Hibernate Commons Annotations {5.1.2.Final}
[2022-06-27 13:56:30.824] [INFO ] [main] com.zaxxer.hikari.HikariDataSource HikariPool-1 - Starting...
[2022-06-27 13:56:31.337] [INFO ] [main] com.zaxxer.hikari.HikariDataSource HikariPool-1 - Start completed.
[2022-06-27 13:56:31.356] [INFO ] [main] org.hibernate.dialect.Dialect HHH000400: Using dialect: org.hibernate.dialect.MySQL8Dialect
[2022-06-27 13:56:32.167] [INFO ] [main] org.hibernate.engine.transaction.jta.platform.internal.JtaPlatformInitiator HHH000490: Using JtaPlatform implementation: [org.hibernate.engine.transaction.jta.platform.internal.NoJtaPlatform]
[2022-06-27 13:56:32.182] [INFO ] [main] org.springframework.orm.jpa.LocalContainerEntityManagerFactoryBean Initialized JPA EntityManagerFactory for persistence unit 'default'
[2022-06-27 13:56:32.690] [WARN ] [main] org.springframework.boot.autoconfigure.orm.jpa.JpaBaseConfiguration$JpaWebConfiguration spring.jpa.open-in-view is enabled by default. Therefore, database queries may be performed during view rendering. Explicitly configure spring.jpa.open-in-view to disable this warning
[2022-06-27 13:56:32.829] [INFO ] [main] springfox.documentation.spring.web.PropertySourcedRequestMappingHandlerMapping Mapped URL path [/v2/api-docs] onto method [springfox.documentation.swagger2.web.Swagger2Controller#getDocumentation(String, HttpServletRequest)]
[2022-06-27 13:56:33.133] [INFO ] [main] org.apache.coyote.http11.Http11NioProtocol Starting ProtocolHandler ["http-nio-9090"]
[2022-06-27 13:56:33.153] [INFO ] [main] org.springframework.boot.web.embedded.tomcat.TomcatWebServer Tomcat started on port(s): 9090 (http) with context path ''
[2022-06-27 13:56:33.154] [INFO ] [main] springfox.documentation.spring.web.plugins.DocumentationPluginsBootstrapper Context refreshed
[2022-06-27 13:56:33.175] [INFO ] [main] springfox.documentation.spring.web.plugins.DocumentationPluginsBootstrapper Found 1 custom documentation plugin(s)
[2022-06-27 13:56:33.218] [INFO ] [main] springfox.documentation.spring.web.scanners.ApiListingReferenceScanner Scanning for api listing references
[2022-06-27 13:56:33.386] [INFO ] [main] com.springboot.api.ApiApplication Started ApiApplication in 5.853 seconds (JVM running for 6.877)
[2022-06-27 13:57:24.210] [INFO ] [http-nio-9090-exec-1] org.apache.catalina.core.ContainerBase.[Tomcat].[localhost].[/] Initializing Spring DispatcherServlet 'dispatcherServlet'
[2022-06-27 13:57:24.210] [INFO ] [http-nio-9090-exec-1] org.springframework.web.servlet.DispatcherServlet Initializing Servlet 'dispatcherServlet'
[2022-06-27 13:57:24.211] [INFO ] [http-nio-9090-exec-1] org.springframework.web.servlet.DispatcherServlet Completed initialization in 1 ms
